2026-02-14 21:43:24,795 - INFO - Model training pipeline started
2026-02-14 21:43:24,796 - INFO - Training and test datasets loaded
2026-02-14 21:43:24,796 - INFO - Training model: Logistic Regression
2026-02-14 21:43:25,139 - INFO - Logistic Regression - CV ROC-AUC: 0.6529
2026-02-14 21:43:25,139 - INFO - Logistic Regression - Test ROC-AUC: 0.6090
2026-02-14 21:43:25,139 - INFO - Training model: Random Forest
2026-02-14 21:43:36,242 - INFO - Random Forest - CV ROC-AUC: 0.6266
2026-02-14 21:43:36,242 - INFO - Random Forest - Test ROC-AUC: 0.4934
2026-02-14 21:43:36,242 - INFO - Training model: XGBoost
2026-02-14 21:43:36,598 - INFO - XGBoost - CV ROC-AUC: 0.6646
2026-02-14 21:43:36,598 - INFO - XGBoost - Test ROC-AUC: 0.5388
2026-02-14 21:43:36,598 - INFO - Training model: Neural Network
2026-02-14 21:44:26,600 - INFO - Neural Network - CV ROC-AUC: 0.6704
2026-02-14 21:44:26,600 - INFO - Neural Network - Test ROC-AUC: 0.5684
2026-02-14 21:44:26,600 - INFO - Best model selected: Neural Network
2026-02-14 21:44:26,600 - INFO - Best CV ROC-AUC: 0.6704
2026-02-14 21:44:26,604 - INFO - Best model saved
2026-02-14 21:44:26,604 - INFO - Metrics saved
2026-02-14 21:44:26,718 - INFO - Confusion matrix saved
2026-02-14 21:46:01,243 - INFO - Model training pipeline started
2026-02-14 21:46:01,244 - INFO - Training and test datasets loaded
2026-02-14 21:46:01,245 - INFO - Training model: Logistic Regression
2026-02-14 21:46:01,430 - INFO - Logistic Regression - CV ROC-AUC: 0.6529
2026-02-14 21:46:01,430 - INFO - Logistic Regression - Test ROC-AUC: 0.6090
2026-02-14 21:46:01,430 - INFO - Training model: Random Forest
2026-02-14 21:46:12,199 - INFO - Random Forest - CV ROC-AUC: 0.6266
2026-02-14 21:46:12,199 - INFO - Random Forest - Test ROC-AUC: 0.4934
2026-02-14 21:46:12,199 - INFO - Training model: XGBoost
2026-02-14 21:46:13,062 - INFO - XGBoost - CV ROC-AUC: 0.6646
2026-02-14 21:46:13,062 - INFO - XGBoost - Test ROC-AUC: 0.5388
2026-02-14 21:46:13,062 - INFO - Training model: Neural Network
2026-02-14 21:46:53,389 - INFO - Neural Network - CV ROC-AUC: 0.6704
2026-02-14 21:46:53,389 - INFO - Neural Network - Test ROC-AUC: 0.5684
2026-02-14 21:46:53,389 - INFO - Best model selected: Neural Network
2026-02-14 21:46:53,389 - INFO - Best CV ROC-AUC: 0.6704
2026-02-14 21:46:53,392 - INFO - Best model saved
2026-02-14 21:46:53,393 - INFO - Metrics saved
2026-02-14 21:46:53,495 - INFO - Confusion matrix saved
2026-02-14 22:08:41,654 - INFO - Model training pipeline started
2026-02-14 22:08:41,658 - INFO - Training and test datasets loaded (scaled)
2026-02-14 22:08:41,659 - INFO - Training model: Logistic Regression
2026-02-14 22:08:41,806 - INFO - Logistic Regression - CV ROC-AUC: 0.6528
2026-02-14 22:08:41,806 - INFO - Logistic Regression - Test ROC-AUC: 0.6068
2026-02-14 22:08:41,806 - INFO - Training model: Random Forest
2026-02-14 22:08:48,267 - INFO - Random Forest - CV ROC-AUC: 0.6680
2026-02-14 22:08:48,267 - INFO - Random Forest - Test ROC-AUC: 0.5858
2026-02-14 22:08:48,267 - INFO - Training model: XGBoost
2026-02-14 22:08:51,318 - INFO - XGBoost - CV ROC-AUC: 0.6601
2026-02-14 22:08:51,318 - INFO - XGBoost - Test ROC-AUC: 0.5706
2026-02-14 22:08:51,318 - INFO - Training model: Neural Network
2026-02-14 22:08:59,903 - INFO - Neural Network - CV ROC-AUC: 0.6581
2026-02-14 22:08:59,904 - INFO - Neural Network - Test ROC-AUC: 0.5992
2026-02-14 22:08:59,958 - INFO - Best model saved
2026-02-14 22:08:59,958 - INFO - Metrics saved
2026-02-14 22:09:00,071 - INFO - Confusion matrix saved
2026-02-14 22:12:07,793 - INFO - Model training pipeline started
2026-02-14 22:12:07,798 - INFO - Training and test datasets loaded and scaled
2026-02-14 22:12:07,798 - INFO - Training model: Logistic Regression
2026-02-14 22:12:07,948 - INFO - Logistic Regression - CV ROC-AUC: 0.6528
2026-02-14 22:12:07,948 - INFO - Logistic Regression - Test ROC-AUC: 0.6068
2026-02-14 22:12:07,948 - INFO - Training model: Random Forest
2026-02-14 22:12:14,396 - INFO - Random Forest - CV ROC-AUC: 0.6680
2026-02-14 22:12:14,396 - INFO - Random Forest - Test ROC-AUC: 0.5858
2026-02-14 22:12:14,396 - INFO - Training model: XGBoost
2026-02-14 22:12:17,145 - INFO - XGBoost - CV ROC-AUC: 0.6601
2026-02-14 22:12:17,145 - INFO - XGBoost - Test ROC-AUC: 0.5706
2026-02-14 22:12:17,145 - INFO - Training model: Neural Network
2026-02-14 22:12:25,406 - INFO - Neural Network - CV ROC-AUC: 0.6581
2026-02-14 22:12:25,406 - INFO - Neural Network - Test ROC-AUC: 0.5992
2026-02-14 22:12:25,473 - INFO - Best model saved: Random Forest
2026-02-14 22:12:25,473 - INFO - Metrics saved
2026-02-14 22:12:25,583 - INFO - Confusion matrix saved
2026-02-14 22:27:47,156 - INFO - Model training pipeline started
2026-02-14 22:27:47,160 - INFO - Training and test datasets loaded and scaled
2026-02-14 22:27:47,633 - INFO - After SMOTE: [14307 14307]
2026-02-14 22:27:47,633 - INFO - Training model: Logistic Regression
2026-02-14 22:27:48,556 - INFO - Logistic Regression - CV ROC-AUC: 0.6534
2026-02-14 22:27:48,556 - INFO - Logistic Regression - Test ROC-AUC: 0.6061
2026-02-14 22:27:48,556 - INFO - Training model: Random Forest
2026-02-14 22:27:54,534 - INFO - Random Forest - CV ROC-AUC: 0.6802
2026-02-14 22:27:54,534 - INFO - Random Forest - Test ROC-AUC: 0.5555
2026-02-14 22:27:54,534 - INFO - Training model: XGBoost
2026-02-14 22:27:56,965 - INFO - XGBoost - CV ROC-AUC: 0.6752
2026-02-14 22:27:56,965 - INFO - XGBoost - Test ROC-AUC: 0.4694
2026-02-14 22:27:56,965 - INFO - Training model: Neural Network
2026-02-14 22:28:02,455 - INFO - Neural Network - CV ROC-AUC: 0.6579
2026-02-14 22:28:02,455 - INFO - Neural Network - Test ROC-AUC: 0.5787
2026-02-14 22:28:02,455 - INFO - Training model: Stacking Ensemble
2026-02-14 22:28:35,812 - INFO - Stacking Ensemble - CV ROC-AUC: 0.6821
2026-02-14 22:28:35,812 - INFO - Stacking Ensemble - Test ROC-AUC: 0.5396
2026-02-14 22:28:35,997 - INFO - Best model saved: Stacking Ensemble
2026-02-14 22:28:35,997 - INFO - Metrics saved
2026-02-14 22:28:36,174 - INFO - Confusion matrix saved
2026-02-14 22:28:36,345 - INFO - ROC curve saved
2026-02-14 22:34:03,032 - INFO - Model training pipeline started
2026-02-14 22:34:03,034 - INFO - Training and test datasets loaded
2026-02-14 22:34:03,034 - INFO - Training model: Logistic Regression
2026-02-14 22:34:05,025 - INFO - Logistic Regression - CV ROC-AUC: 0.6526
2026-02-14 22:34:05,025 - INFO - Logistic Regression - Test ROC-AUC: 0.6061
2026-02-14 22:34:05,025 - INFO - Training model: Random Forest
2026-02-14 22:34:11,966 - INFO - Random Forest - CV ROC-AUC: 0.6649
2026-02-14 22:34:11,966 - INFO - Random Forest - Test ROC-AUC: 0.5555
2026-02-14 22:34:11,967 - INFO - Training model: XGBoost
2026-02-14 22:34:13,875 - INFO - XGBoost - CV ROC-AUC: 0.6529
2026-02-14 22:34:13,875 - INFO - XGBoost - Test ROC-AUC: 0.4694
2026-02-14 22:34:13,875 - INFO - Training model: Neural Network
2026-02-14 22:34:22,131 - INFO - Neural Network - CV ROC-AUC: 0.6565
2026-02-14 22:34:22,132 - INFO - Neural Network - Test ROC-AUC: 0.5787
2026-02-14 22:34:22,132 - INFO - Training model: Stacking Ensemble
2026-02-14 22:35:01,704 - INFO - Stacking Ensemble - CV ROC-AUC: 0.6646
2026-02-14 22:35:01,704 - INFO - Stacking Ensemble - Test ROC-AUC: 0.5497
2026-02-14 22:35:01,826 - INFO - Best model saved: Random Forest
2026-02-14 22:35:01,826 - INFO - Metrics saved
2026-02-14 22:35:01,955 - INFO - Confusion matrix saved
2026-02-14 22:35:02,068 - INFO - ROC curve saved
2026-02-14 22:38:00,781 - INFO - Model training pipeline started
2026-02-14 22:38:00,784 - INFO - Training and test datasets loaded
2026-02-14 22:38:00,785 - INFO - Training model: Logistic Regression
2026-02-14 22:38:03,951 - INFO - Logistic Regression - CV ROC-AUC: 0.6526
2026-02-14 22:38:03,951 - INFO - Logistic Regression - Test ROC-AUC: 0.6061
2026-02-14 22:38:03,951 - INFO - Training model: Random Forest
2026-02-14 22:38:11,419 - INFO - Random Forest - CV ROC-AUC: 0.6505
2026-02-14 22:38:11,419 - INFO - Random Forest - Test ROC-AUC: 0.5273
2026-02-14 22:38:11,419 - INFO - Training model: XGBoost
2026-02-14 22:38:14,577 - INFO - XGBoost - CV ROC-AUC: 0.6734
2026-02-14 22:38:14,577 - INFO - XGBoost - Test ROC-AUC: 0.5594
2026-02-14 22:38:14,577 - INFO - Training model: Neural Network
2026-02-14 22:38:28,622 - INFO - Neural Network - CV ROC-AUC: 0.6565
2026-02-14 22:38:28,622 - INFO - Neural Network - Test ROC-AUC: 0.5787
2026-02-14 22:38:28,623 - INFO - Training model: Stacking Ensemble
2026-02-14 22:39:35,058 - INFO - Stacking Ensemble - CV ROC-AUC: 0.6674
2026-02-14 22:39:35,059 - INFO - Stacking Ensemble - Test ROC-AUC: 0.5542
2026-02-14 22:39:35,097 - INFO - Best model saved: Logistic Regression
2026-02-14 22:39:35,098 - INFO - Metrics saved
2026-02-14 22:39:35,393 - INFO - Confusion matrix saved
2026-02-14 22:39:35,533 - INFO - ROC curve saved
2026-02-14 22:41:34,882 - INFO - Model training pipeline started
2026-02-14 22:41:34,884 - INFO - Training and test datasets loaded
2026-02-14 22:41:34,885 - INFO - Training model: Logistic Regression
2026-02-14 22:41:37,718 - INFO - Logistic Regression - CV ROC-AUC: 0.6526
2026-02-14 22:41:37,718 - INFO - Logistic Regression - Test ROC-AUC: 0.6061
2026-02-14 22:41:37,718 - INFO - Training model: Random Forest
2026-02-14 22:41:44,922 - INFO - Random Forest - CV ROC-AUC: 0.6505
2026-02-14 22:41:44,922 - INFO - Random Forest - Test ROC-AUC: 0.5273
2026-02-14 22:41:44,922 - INFO - Training model: XGBoost
2026-02-14 22:41:48,101 - INFO - XGBoost - CV ROC-AUC: 0.6734
2026-02-14 22:41:48,101 - INFO - XGBoost - Test ROC-AUC: 0.5594
2026-02-14 22:41:48,101 - INFO - Training model: Neural Network
2026-02-14 22:42:02,541 - INFO - Neural Network - CV ROC-AUC: 0.6565
2026-02-14 22:42:02,542 - INFO - Neural Network - Test ROC-AUC: 0.5787
2026-02-14 22:42:02,542 - INFO - Training model: Stacking Ensemble
2026-02-14 22:43:07,226 - INFO - Stacking Ensemble - CV ROC-AUC: 0.6674
2026-02-14 22:43:07,226 - INFO - Stacking Ensemble - Test ROC-AUC: 0.5542
2026-02-14 22:43:07,247 - INFO - Best model saved: Logistic Regression
2026-02-14 22:43:07,248 - INFO - Metrics saved
2026-02-14 22:43:07,457 - INFO - Confusion matrix saved
2026-02-14 22:43:07,580 - INFO - ROC curve saved
2026-02-14 22:47:47,242 - INFO - Model training pipeline started
2026-02-14 22:47:47,245 - INFO - Training and test datasets loaded
2026-02-14 22:47:47,246 - INFO - Training model: Logistic Regression
2026-02-14 22:47:52,395 - INFO - Logistic Regression - Test ROC-AUC: 0.6029
2026-02-14 22:47:52,395 - INFO - Training model: Random Forest
2026-02-14 22:51:23,880 - INFO - Random Forest best params: {'model__max_depth': 10, 'model__min_samples_leaf': 3, 'model__min_samples_split': 2, 'model__n_estimators': 300}
2026-02-14 22:51:24,096 - INFO - Random Forest - Test ROC-AUC: 0.6057
2026-02-14 22:51:24,097 - INFO - Training model: XGBoost
2026-02-14 22:56:13,813 - INFO - Model training pipeline started
2026-02-14 22:56:13,815 - INFO - Training and test datasets loaded
2026-02-14 22:56:13,816 - INFO - Training model: Logistic Regression
2026-02-14 22:56:18,722 - INFO - Logistic Regression - Test ROC-AUC: 0.6029
2026-02-14 22:56:18,722 - INFO - Training model: Random Forest
2026-02-14 23:00:24,968 - INFO - Random Forest best params: {'model__max_depth': 10, 'model__min_samples_leaf': 3, 'model__min_samples_split': 2, 'model__n_estimators': 300}
2026-02-14 23:00:25,245 - INFO - Random Forest - Test ROC-AUC: 0.6057
2026-02-14 23:00:25,245 - INFO - Training model: XGBoost
2026-02-14 23:08:06,470 - INFO - XGBoost best params: {'model__colsample_bytree': 0.7, 'model__learning_rate': 0.05, 'model__max_depth': 3, 'model__n_estimators': 200, 'model__subsample': 0.8}
2026-02-14 23:08:06,491 - INFO - XGBoost - Test ROC-AUC: 0.5812
2026-02-14 23:08:06,491 - INFO - Training model: Neural Network
2026-02-14 23:08:14,311 - INFO - Neural Network - Test ROC-AUC: 0.5996
2026-02-14 23:08:14,311 - INFO - Training model: Stacking Ensemble
2026-02-14 23:08:32,495 - INFO - Stacking Ensemble - Test ROC-AUC: 0.5788
2026-02-14 23:08:32,684 - INFO - Best model saved: Random Forest
2026-02-14 23:08:32,684 - INFO - Metrics saved
2026-02-14 23:08:32,932 - INFO - Confusion matrix saved
2026-02-14 23:08:33,141 - INFO - ROC curve saved
2026-02-14 23:19:35,059 - INFO - Model training pipeline started
2026-02-14 23:19:35,062 - INFO - Training and test datasets loaded
2026-02-14 23:19:35,062 - INFO - Training model: Logistic Regression
2026-02-14 23:19:38,203 - INFO - Logistic Regression - CV ROC-AUC: 0.6526
2026-02-14 23:19:38,203 - INFO - Logistic Regression - Test ROC-AUC: 0.6061
2026-02-14 23:19:38,203 - INFO - Training model: Random Forest
2026-02-14 23:19:48,869 - INFO - Random Forest - CV ROC-AUC: 0.6649
2026-02-14 23:19:48,870 - INFO - Random Forest - Test ROC-AUC: 0.5555
2026-02-14 23:19:48,870 - INFO - Training model: XGBoost
2026-02-14 23:19:51,698 - INFO - XGBoost - CV ROC-AUC: 0.6599
2026-02-14 23:19:51,698 - INFO - XGBoost - Test ROC-AUC: 0.4690
2026-02-14 23:19:51,698 - INFO - Training model: Neural Network
2026-02-14 23:20:05,748 - INFO - Neural Network - CV ROC-AUC: 0.6565
2026-02-14 23:20:05,748 - INFO - Neural Network - Test ROC-AUC: 0.5787
2026-02-14 23:20:05,748 - INFO - Training model: Stacking Ensemble
2026-02-14 23:21:08,054 - INFO - Stacking Ensemble - CV ROC-AUC: 0.6665
2026-02-14 23:21:08,054 - INFO - Stacking Ensemble - Test ROC-AUC: 0.5229
2026-02-14 23:21:08,380 - INFO - Best model saved: Stacking Ensemble
2026-02-14 23:21:08,381 - INFO - Metrics saved
2026-02-14 23:21:08,674 - INFO - Confusion matrix saved
2026-02-14 23:21:08,919 - INFO - ROC curve saved
2026-02-14 23:34:05,454 - INFO - Model training pipeline started
2026-02-14 23:34:05,456 - INFO - Training and test datasets loaded
2026-02-14 23:34:05,457 - INFO - Training model: Logistic Regression
2026-02-14 23:34:22,113 - INFO - Logistic Regression - CV ROC-AUC: 0.6478
2026-02-14 23:34:22,113 - INFO - Logistic Regression - Test ROC-AUC: 0.6029
2026-02-14 23:34:22,114 - INFO - Training model: Random Forest
2026-02-14 23:34:42,142 - INFO - Random Forest - CV ROC-AUC: 0.6321
2026-02-14 23:34:42,142 - INFO - Random Forest - Test ROC-AUC: 0.5962
2026-02-14 23:34:42,142 - INFO - Training model: XGBoost
2026-02-14 23:34:57,591 - INFO - XGBoost - CV ROC-AUC: 0.6514
2026-02-14 23:34:57,591 - INFO - XGBoost - Test ROC-AUC: 0.5629
2026-02-14 23:34:57,591 - INFO - Training model: Neural Network
2026-02-14 23:35:24,007 - INFO - Neural Network - CV ROC-AUC: 0.6397
2026-02-14 23:35:24,007 - INFO - Neural Network - Test ROC-AUC: 0.6020
2026-02-14 23:35:24,007 - INFO - Training model: Stacking Ensemble
2026-02-14 23:36:43,209 - INFO - Stacking Ensemble - CV ROC-AUC: 0.6251
2026-02-14 23:36:43,209 - INFO - Stacking Ensemble - Test ROC-AUC: 0.5816
2026-02-14 23:36:43,238 - INFO - Best model saved: XGBoost
2026-02-14 23:36:43,240 - INFO - Metrics saved
2026-02-14 23:36:43,393 - INFO - Confusion matrix saved
2026-02-14 23:36:43,489 - INFO - ROC curve saved
2026-02-14 23:38:01,323 - INFO - Model training pipeline started
2026-02-14 23:38:01,326 - INFO - Training and test datasets loaded
2026-02-14 23:38:01,326 - INFO - Training model: Logistic Regression
2026-02-14 23:38:04,407 - INFO - Logistic Regression - CV ROC-AUC: 0.6526
2026-02-14 23:38:04,407 - INFO - Logistic Regression - Test ROC-AUC: 0.6061
2026-02-14 23:38:04,408 - INFO - Training model: Random Forest
2026-02-14 23:38:11,422 - INFO - Random Forest - CV ROC-AUC: 0.6649
2026-02-14 23:38:11,423 - INFO - Random Forest - Test ROC-AUC: 0.5555
2026-02-14 23:38:11,423 - INFO - Training model: XGBoost
2026-02-14 23:38:15,618 - INFO - XGBoost - CV ROC-AUC: 0.6734
2026-02-14 23:38:15,619 - INFO - XGBoost - Test ROC-AUC: 0.5594
2026-02-14 23:38:15,619 - INFO - Training model: Neural Network
2026-02-14 23:38:29,957 - INFO - Neural Network - CV ROC-AUC: 0.6565
2026-02-14 23:38:29,957 - INFO - Neural Network - Test ROC-AUC: 0.5787
2026-02-14 23:38:29,958 - INFO - Training model: Stacking Ensemble
2026-02-14 23:39:32,596 - INFO - Stacking Ensemble - CV ROC-AUC: 0.6720
2026-02-14 23:39:32,596 - INFO - Stacking Ensemble - Test ROC-AUC: 0.5660
2026-02-14 23:39:32,613 - INFO - Best model saved: XGBoost
2026-02-14 23:39:32,614 - INFO - Metrics saved
2026-02-14 23:39:32,817 - INFO - Confusion matrix saved
2026-02-14 23:39:32,914 - INFO - ROC curve saved
