[2026-01-27T14:08:34.897Z] INFO: Database connected
[2026-01-27T14:08:34.905Z] INFO: Middlewares loaded
[2026-01-27T14:08:34.905Z] INFO: Routes mounted: 1 endpoints
[2026-01-27T14:08:34.909Z] INFO: Server started on port 3000
[2026-01-29T07:56:50.563Z] INFO: Database connected
[2026-01-29T07:56:50.571Z] INFO: Middlewares loaded
[2026-01-29T07:56:50.572Z] INFO: Routes mounted: 1 endpoints
[2026-01-29T07:56:50.574Z] INFO: Server started on port 3000
[2026-01-29T08:05:50.052Z] INFO: Database connected
[2026-01-29T08:05:50.062Z] INFO: Middlewares loaded
[2026-01-29T08:05:50.063Z] INFO: Routes mounted: 1 endpoints
[2026-01-29T08:05:50.071Z] INFO: Server started on port 3000
[2026-01-29T08:05:58.649Z] INFO: Database connected
[2026-01-29T08:05:58.653Z] INFO: Middlewares loaded
[2026-01-29T08:05:58.654Z] INFO: Routes mounted: 1 endpoints
[2026-01-29T08:05:58.656Z] INFO: Server started on port 3000
[2026-01-29T08:06:18.859Z] INFO: Database connected
[2026-01-29T08:06:18.868Z] INFO: Middlewares loaded
[2026-01-29T08:06:18.869Z] INFO: Routes mounted: 1 endpoints
[2026-01-29T08:06:18.874Z] INFO: Server started on port 3000
[2026-01-29T08:06:21.796Z] INFO: Database connected
[2026-01-29T08:06:21.801Z] INFO: Middlewares loaded
[2026-01-29T08:06:21.801Z] INFO: Routes mounted: 1 endpoints
[2026-01-29T08:06:21.804Z] INFO: Server started on port 3000
[2026-01-29T08:06:50.824Z] INFO: Database connected
[2026-01-29T08:06:50.831Z] INFO: Middlewares loaded
[2026-01-29T08:06:50.831Z] INFO: Routes mounted: API routes
[2026-01-29T08:06:50.835Z] INFO: Server started on port 3000
[2026-01-29T08:07:22.499Z] INFO: Database connected
[2026-01-29T08:07:22.506Z] INFO: Middlewares loaded
[2026-01-29T08:07:22.506Z] INFO: Routes mounted: API routes
[2026-01-29T08:07:22.509Z] INFO: Server started on port 3000
[2026-01-29T08:11:04.129Z] INFO: Database connected
[2026-01-29T08:11:04.137Z] INFO: Middlewares loaded
[2026-01-29T08:11:04.138Z] INFO: Routes mounted: API routes
[2026-01-29T08:11:04.145Z] INFO: Server started on port 3000
[2026-01-29T08:12:10.928Z] INFO: Database connected
[2026-01-29T08:12:10.931Z] INFO: Middlewares loaded
[2026-01-29T08:12:10.931Z] INFO: Routes mounted: API routes
[2026-01-29T08:12:10.933Z] INFO: Server started on port 3000
[2026-01-29T10:37:34.072Z] INFO: Database connected
[2026-01-29T10:37:34.077Z] INFO: Middlewares loaded
[2026-01-29T10:37:34.077Z] INFO: Routes mounted: API routes
[2026-01-29T10:37:34.081Z] INFO: Server started on port 3000
[2026-01-29T10:37:54.052Z] INFO: Database connected
[2026-01-29T10:37:54.055Z] INFO: Middlewares loaded
[2026-01-29T10:37:54.055Z] INFO: Routes mounted: API routes
[2026-01-29T10:37:54.058Z] INFO: Server started on port 3000
[2026-01-29T14:27:37.290Z] INFO: Database connected
[2026-01-30T11:34:32.591Z] INFO: Database connected
[2026-01-30T11:34:32.594Z] INFO: Loading security middleware...
[2026-01-30T11:34:32.595Z] INFO: ✔ Security middleware loaded successfully
[2026-01-30T11:34:32.595Z] INFO: Middlewares loaded
[2026-01-30T11:34:32.595Z] INFO: Routes mounted: API routes
[2026-01-30T11:34:32.598Z] INFO: Server started on port 3000
[2026-01-30T11:35:05.499Z] WARN: Validation failed
[2026-01-30T11:39:17.363Z] WARN: Rate limit exceeded
[2026-01-30T11:39:17.382Z] WARN: Rate limit exceeded
[2026-01-30T11:39:17.401Z] WARN: Rate limit exceeded
[2026-01-30T11:39:17.418Z] WARN: Rate limit exceeded
[2026-01-30T11:39:17.436Z] WARN: Rate limit exceeded
[2026-01-30T11:39:17.456Z] WARN: Rate limit exceeded
[2026-01-30T11:39:17.479Z] WARN: Rate limit exceeded
[2026-01-30T11:39:17.500Z] WARN: Rate limit exceeded
[2026-01-30T11:39:17.520Z] WARN: Rate limit exceeded
[2026-01-30T11:39:17.539Z] WARN: Rate limit exceeded
[2026-01-30T11:39:17.557Z] WARN: Rate limit exceeded
